<?xml version="1.0" encoding="UTF-8"?>
<testsuites name="Google Test Suite" time="9" tests="1" failures="0" errors="0">
   <testsuite name="Google Test Suite" tests="1" failures="0" errors="0" time="9" timestamp="2019-01-09 19:12:33" hostname="jshamshad - CRKRL-SHAMSJAW1.corp.contoursoftware.net" id="Test Suites/Google Test Suite">
      <properties>
         <property name="deviceName" value=""/>
         <property name="devicePlatform" value=""/>
         <property name="logFolder" value="C:\\Users\\jshamshad\\Katalon Studio\\Casitron\\Reports\\Google Test Suite\\20190109_191226"/>
         <property name="logFiles" value="C:\\Users\\jshamshad\\Katalon Studio\\Casitron\\Reports\\Google Test Suite\\20190109_191226\\execution0.log"/>
         <property name="attachments" value=""/>
         <property name="hostName" value="jshamshad - CRKRL-SHAMSJAW1.corp.contoursoftware.net"/>
         <property name="os" value="Windows 10 64bit"/>
         <property name="katalonVersion" value="5.10.0.1"/>
         <property name="browser" value="Chrome 71.0.3578.98"/>
         <property name="hostAddress" value="192.168.56.1"/>
         <property name="sessionId" value="75cece4215b1bb319f54a99dcc0f1ea5"/>
         <property name="seleniumVersion" value="3.7.1"/>
         <property name="proxyInformation" value="ProxyInformation{proxyOption=NO_PROXY, proxyServerType=HTTP, password=, proxyServerAddress=, proxyServerPort=0}"/>
         <property name="platform" value="Windows 10"/>
      </properties>
      <testcase name="Test Cases/Google Test Case" classname="Test Cases/Google Test Case" status="PASSED">
         <system-out><![CDATA[2019-01-09 19:12:33 - [TEST_CASE][PASSED] - Test Cases/Google Test Case: Test Cases/Google Test Case

2019-01-09 19:12:33 - [TEST_STEP][PASSED] - openBrowser(""): Browser is opened with url: ''

2019-01-09 19:12:34 - [MESSAGE][INFO] - Starting 'Chrome (headless)' driver

2019-01-09 19:12:34 - [MESSAGE][INFO] - Action delay is set to 0 seconds

2019-01-09 19:12:37 - [MESSAGE][PASSED] - Browser is opened with url: ''

2019-01-09 19:12:37 - [TEST_STEP][PASSED] - navigateToUrl("https://www.google.com/"): Navigate to 'https://www.google.com/' successfully

2019-01-09 19:12:39 - [MESSAGE][PASSED] - Navigate to 'https://www.google.com/' successfully

2019-01-09 19:12:39 - [TEST_STEP][PASSED] - setText(findTestObject("Page_Google/input_Sign in_q"), "Pakistan"): Text 'Pakistan' is set on object 'Object Repository/Page_Google/input_Sign in_q'

2019-01-09 19:12:39 - [MESSAGE][PASSED] - Text 'Pakistan' is set on object 'Object Repository/Page_Google/input_Sign in_q'

2019-01-09 19:12:39 - [TEST_STEP][PASSED] - sendKeys(findTestObject("Page_Google/input_Sign in_q"), Keys.chord(ENTER)): Keys 'ENTER + ' sent to object: 'Object Repository/Page_Google/input_Sign in_q'

2019-01-09 19:12:42 - [MESSAGE][PASSED] - Keys 'ENTER + ' sent to object: 'Object Repository/Page_Google/input_Sign in_q'

2019-01-09 19:12:42 - [TEST_STEP][PASSED] - closeBrowser(): Browser is closed

2019-01-09 19:12:42 - [MESSAGE][PASSED] - Browser is closed]]></system-out>
         <system-err><![CDATA[]]></system-err>
      </testcase>
      <system-out><![CDATA[2019-01-09 19:12:33 - [TEST_SUITE][PASSED] - Google Test Suite: Test Cases/Google Test Case]]></system-out>
      <system-err><![CDATA[]]></system-err>
   </testsuite>
</testsuites>
